Using pre-set license
Built from '2020.3/staging' branch; Version is '2020.3.0f1 (c7b5465681fb) revision 13088070'; Using compiler version '192528614'; Build Type 'Release'
OS: 'Windows 10 Education; OS build 19042.1110; Version 2009; 64bit' Language: 'ko' Physical Memory: 15791 MB
BatchMode: 1, IsHumanControllingUs: 0, StartBugReporterOnCrash: 0, Is64bit: 1, IsPro: 0

 COMMAND LINE ARGUMENTS:
C:\Program Files\Unity\Hub\Editor\2020.3.0f1\Editor\Unity.exe
-adb2
-batchMode
-noUpm
-name
AssetImportWorker0
-projectPath
C:/Users/byj08/OneDrive/바탕 화면/에밀레종/에밀레종의 비밀
-logFile
Logs/AssetImportWorker0.log
-srvPort
60730
Successfully changed project path to: C:/Users/byj08/OneDrive/바탕 화면/에밀레종/에밀레종의 비밀
C:/Users/byj08/OneDrive/바탕 화면/에밀레종/에밀레종의 비밀
Using Asset Import Pipeline V2.
Refreshing native plugins compatible for Editor in 250.15 ms, found 1 plugins.
Preloading 0 native plugins for Editor in 0.00 ms.
Initialize engine version: 2020.3.0f1 (c7b5465681fb)
[Subsystems] Discovering subsystems at path C:/Program Files/Unity/Hub/Editor/2020.3.0f1/Editor/Data/Resources/UnitySubsystems
[Subsystems] Discovering subsystems at path C:/Users/byj08/OneDrive/바탕 화면/에밀레종/에밀레종의 비밀/Assets
GfxDevice: creating device client; threaded=0
Direct3D:
    Version:  Direct3D 11.0 [level 11.1]
    Renderer: NVIDIA GeForce GTX 1650 Ti (ID=0x1f95)
    Vendor:   
    VRAM:     3962 MB
    Driver:   27.21.14.5763
Initialize mono
Mono path[0] = 'C:/Program Files/Unity/Hub/Editor/2020.3.0f1/Editor/Data/Managed'
Mono path[1] = 'C:/Program Files/Unity/Hub/Editor/2020.3.0f1/Editor/Data/MonoBleedingEdge/lib/mono/unityjit'
Mono config path = 'C:/Program Files/Unity/Hub/Editor/2020.3.0f1/Editor/Data/MonoBleedingEdge/etc'
Using monoOptions --debugger-agent=transport=dt_socket,embedding=1,server=y,suspend=n,address=127.0.0.1:56512
Begin MonoManager ReloadAssembly
Registering precompiled unity dll's ...
Register platform support module: C:/Program Files/Unity/Hub/Editor/2020.3.0f1/Editor/Data/PlaybackEngines/WindowsStandaloneSupport/UnityEditor.WindowsStandalone.Extensions.dll
Registered in 0.006317 seconds.
Native extension for WindowsStandalone target not found
Refreshing native plugins compatible for Editor in 170.87 ms, found 1 plugins.
Preloading 0 native plugins for Editor in 0.00 ms.
Invoked RoslynAnalysisRunner static constructor.
RoslynAnalysisRunner will not be running.
RoslynAnalysisRunner has terminated.
Mono: successfully reloaded assembly
- Completed reload, in  2.448 seconds
Platform modules already initialized, skipping
Registering precompiled user dll's ...
Registered in 0.005262 seconds.
Begin MonoManager ReloadAssembly
Native extension for WindowsStandalone target not found
Refreshing native plugins compatible for Editor in 268.63 ms, found 1 plugins.
Preloading 0 native plugins for Editor in 0.00 ms.
Invoked RoslynAnalysisRunner static constructor.
RoslynAnalysisRunner will not be running.
RoslynAnalysisRunner has terminated.
Mono: successfully reloaded assembly
- Completed reload, in  2.146 seconds
Platform modules already initialized, skipping
========================================================================
Worker process is ready to serve import requests
Launched and connected shader compiler UnityShaderCompiler.exe after 0.11 seconds
Refreshing native plugins compatible for Editor in 2.25 ms, found 1 plugins.
Preloading 0 native plugins for Editor in 0.00 ms.
Unloading 1810 Unused Serialized files (Serialized files now loaded: 0)
System memory in use before: 91.4 MB.
System memory in use after: 91.4 MB.

Unloading 24 unused Assets to reduce memory usage. Loaded Objects now: 2252.
Total: 4.197700 ms (FindLiveObjects: 0.353800 ms CreateObjectMapping: 0.131100 ms MarkObjects: 3.481100 ms  DeleteObjects: 0.229500 ms)

========================================================================
Received Import Request.
  path: Assets/Scenes/library.scenetemplate
  artifactKey: Guid(b360e463772831740ac1c66b17cd3ead) Importer(815301076,1909f56bfc062723c751e8b465ee728b)
Start importing Assets/Scenes/library.scenetemplate using Guid(b360e463772831740ac1c66b17cd3ead) Importer(815301076,1909f56bfc062723c751e8b465ee728b)  -> (artifact id: '030097d9ad5a2038972a5a54f8686bf9') in 0.232378 seconds
  Import took 0.240603 seconds .

========================================================================
Received Import Request.
  Time since last request: 0.000639 seconds.
  path: Assets/Scenes/종 있는 곳.scenetemplate
  artifactKey: Guid(1f10fbdd289ce384996b6e096abd1fd5) Importer(815301076,1909f56bfc062723c751e8b465ee728b)
Start importing Assets/Scenes/종 있는 곳.scenetemplate using Guid(1f10fbdd289ce384996b6e096abd1fd5) Importer(815301076,1909f56bfc062723c751e8b465ee728b)  -> (artifact id: '7957e1751e6011cf1757f339eb24d562') in 0.078313 seconds
  Import took 0.085611 seconds .

========================================================================
Received Import Request.
  Time since last request: 0.000643 seconds.
  path: Assets/Scenes/지하실.scenetemplate
  artifactKey: Guid(de783094a729fac4b85b5b64885f0d6b) Importer(815301076,1909f56bfc062723c751e8b465ee728b)
Start importing Assets/Scenes/지하실.scenetemplate using Guid(de783094a729fac4b85b5b64885f0d6b) Importer(815301076,1909f56bfc062723c751e8b465ee728b)  -> (artifact id: '56093d78dea3763e15feb85969552f3b') in 0.081213 seconds
  Import took 0.088851 seconds .

========================================================================
Received Import Request.
  Time since last request: 0.000567 seconds.
  path: Assets/Scenes/MonkRoom.scenetemplate
  artifactKey: Guid(f54c8994fa911a44f96fd2456e5ff12c) Importer(815301076,1909f56bfc062723c751e8b465ee728b)
Start importing Assets/Scenes/MonkRoom.scenetemplate using Guid(f54c8994fa911a44f96fd2456e5ff12c) Importer(815301076,1909f56bfc062723c751e8b465ee728b)  -> (artifact id: '333bcfe1ff4854af152ca1944540a32e') in 0.123053 seconds
  Import took 0.131053 seconds .

========================================================================
Received Import Request.
  Time since last request: 0.000606 seconds.
  path: Assets/Scenes/temple.scenetemplate
  artifactKey: Guid(08cc79fda7469944aaa6d2abc8b89721) Importer(815301076,1909f56bfc062723c751e8b465ee728b)
Start importing Assets/Scenes/temple.scenetemplate using Guid(08cc79fda7469944aaa6d2abc8b89721) Importer(815301076,1909f56bfc062723c751e8b465ee728b)  -> (artifact id: '810d4e0f4c402b6ef0f752edb6326f84') in 0.812887 seconds
  Import took 0.825615 seconds .

========================================================================
Received Import Request.
  Time since last request: 0.000564 seconds.
  path: Assets/Scenes/library.scenetemplate
  artifactKey: Guid(b360e463772831740ac1c66b17cd3ead) Importer(815301076,1909f56bfc062723c751e8b465ee728b)
Start importing Assets/Scenes/library.scenetemplate using Guid(b360e463772831740ac1c66b17cd3ead) Importer(815301076,1909f56bfc062723c751e8b465ee728b)  -> (artifact id: '030097d9ad5a2038972a5a54f8686bf9') in 0.123832 seconds
  Import took 0.131530 seconds .

========================================================================
Received Import Request.
  Time since last request: 0.000509 seconds.
  path: Assets/Scenes/pond.scenetemplate
  artifactKey: Guid(176e92714e9adea44824e21e0b396d47) Importer(815301076,1909f56bfc062723c751e8b465ee728b)
Start importing Assets/Scenes/pond.scenetemplate using Guid(176e92714e9adea44824e21e0b396d47) Importer(815301076,1909f56bfc062723c751e8b465ee728b)  -> (artifact id: '6d9898648739bb3e0476afc44fc82b7a') in 0.160154 seconds
  Import took 0.166355 seconds .

========================================================================
Received Prepare
Registering precompiled user dll's ...
Registered in 0.006712 seconds.
Begin MonoManager ReloadAssembly
Native extension for WindowsStandalone target not found
Refreshing native plugins compatible for Editor in 2.25 ms, found 1 plugins.
Preloading 0 native plugins for Editor in 0.00 ms.
Invoked RoslynAnalysisRunner static constructor.
RoslynAnalysisRunner will not be running.
RoslynAnalysisRunner has terminated.
Mono: successfully reloaded assembly
- Completed reload, in  1.692 seconds
Platform modules already initialized, skipping
Refreshing native plugins compatible for Editor in 2.24 ms, found 1 plugins.
Preloading 0 native plugins for Editor in 0.00 ms.
Unloading 1805 Unused Serialized files (Serialized files now loaded: 0)
System memory in use before: 92.5 MB.
System memory in use after: 92.5 MB.

Unloading 12 unused Assets to reduce memory usage. Loaded Objects now: 2256.
Total: 4.680900 ms (FindLiveObjects: 0.727700 ms CreateObjectMapping: 0.133700 ms MarkObjects: 3.634500 ms  DeleteObjects: 0.182100 ms)

AssetImportWorkerClient::OnTransportError - code=2 error=End of file
